example/platforms/android/app/build/outputs/logs/manifest-merger-debug-report.txt
-- Merging decision tree log ---
manifest
ADDED from src/main/AndroidManifest.xml:2:1-24:12
INJECTED from src/main/AndroidManifest.xml:2:1-24:12
INJECTED from src/main/AndroidManifest.xml:2:1-24:12
INJECTED from src/main/AndroidManifest.xml:2:1-24:12
MERGED from [:CordovaLib] AndroidManifest.xml:20:1-27:12
INJECTED from src/main/AndroidManifest.xml:2:1-24:12
INJECTED from src/main/AndroidManifest.xml:2:1-24:12
INJECTED from src/main/AndroidManifest.xml:2:1-24:12
	package
		ADDED from src/main/AndroidManifest.xml:2:102-135
		INJECTED from src/main/AndroidManifest.xml
		INJECTED from src/main/AndroidManifest.xml
	android:versionName
		ADDED from src/main/AndroidManifest.xml:2:74-101
		INJECTED from src/main/AndroidManifest.xml
		INJECTED from src/main/AndroidManifest.xml
	android:hardwareAccelerated
		ADDED from src/main/AndroidManifest.xml:2:11-45
	xmlns:android
		ADDED from src/main/AndroidManifest.xml:2:136-194
	android:versionCode
		ADDED from src/main/AndroidManifest.xml:2:46-73
		INJECTED from src/main/AndroidManifest.xml
		INJECTED from src/main/AndroidManifest.xml
supports-screens
ADDED from src/main/AndroidManifest.xml:3:5-191
	android:largeScreens
		ADDED from src/main/AndroidManifest.xml:3:49-76
	android:smallScreens
		ADDED from src/main/AndroidManifest.xml:3:132-159
	android:normalScreens
		ADDED from src/main/AndroidManifest.xml:3:77-105
	android:xlargeScreens
		ADDED from src/main/AndroidManifest.xml:3:160-188
	android:resizeable
		ADDED from src/main/AndroidManifest.xml:3:106-131
	android:anyDensity
		ADDED from src/main/AndroidManifest.xml:3:23-48
application
ADDED from src/main/AndroidManifest.xml:4:5-13:19
	android:supportsRtl
		ADDED from src/main/AndroidManifest.xml:4:114-140
	android:label
		ADDED from src/main/AndroidManifest.xml:4:81-113
	android:hardwareAccelerated
		ADDED from src/main/AndroidManifest.xml:4:18-52
	android:icon
		ADDED from src/main/AndroidManifest.xml:4:53-80
activity#io.cordova.hellocordova.MainActivity
ADDED from src/main/AndroidManifest.xml:5:9-10:20
	android:label
		ADDED from src/main/AndroidManifest.xml:5:97-134
	android:launchMode
		ADDED from src/main/AndroidManifest.xml:5:135-165
	android:windowSoftInputMode
		ADDED from src/main/AndroidManifest.xml:5:257-299
	android:configChanges
		ADDED from src/main/AndroidManifest.xml:5:19-96
	android:theme
		ADDED from src/main/AndroidManifest.xml:5:194-256
	android:name
		ADDED from src/main/AndroidManifest.xml:5:166-193
intent-filter#android.intent.action.MAIN+android.intent.category.LAUNCHER
ADDED from src/main/AndroidManifest.xml:6:13-9:29
	android:label
		ADDED from src/main/AndroidManifest.xml:6:28-65
action#android.intent.action.MAIN
ADDED from src/main/AndroidManifest.xml:7:17-69
	android:name
		ADDED from src/main/AndroidManifest.xml:7:25-66
category#android.intent.category.LAUNCHER
ADDED from src/main/AndroidManifest.xml:8:17-77
	android:name
		ADDED from src/main/AndroidManifest.xml:8:27-74
meta-data#com.amap.api.v2.apikey
ADDED from src/main/AndroidManifest.xml:11:9-109
	android:value
		ADDED from src/main/AndroidManifest.xml:11:58-106
	android:name
		ADDED from src/main/AndroidManifest.xml:11:20-57
service#com.amap.api.location.APSService
ADDED from src/main/AndroidManifest.xml:12:9-68
	android:name
		ADDED from src/main/AndroidManifest.xml:12:18-65
uses-sdk
ADDED from src/main/AndroidManifest.xml:14:5-74
MERGED from [:CordovaLib] AndroidManifest.xml:25:5-44
MERGED from [:CordovaLib] AndroidManifest.xml:25:5-44
	android:targetSdkVersion
		ADDED from src/main/AndroidManifest.xml:14:42-71
	android:minSdkVersion
		ADDED from src/main/AndroidManifest.xml:14:15-41
uses-permission#android.permission.ACCESS_COARSE_LOCATION
ADDED from src/main/AndroidManifest.xml:15:5-81
	android:name
		ADDED from src/main/AndroidManifest.xml:15:22-78
uses-permission#android.permission.ACCESS_FINE_LOCATION
ADDED from src/main/AndroidManifest.xml:16:5-79
	android:name
		ADDED from src/main/AndroidManifest.xml:16:22-76
uses-permission#android.permission.ACCESS_WIFI_STATE
ADDED from src/main/AndroidManifest.xml:17:5-76
	android:name
		ADDED from src/main/AndroidManifest.xml:17:22-73
uses-permission#android.permission.ACCESS_NETWORK_STATE
ADDED from src/main/AndroidManifest.xml:18:5-79
	android:name
		ADDED from src/main/AndroidManifest.xml:18:22-76
uses-permission#android.permission.CHANGE_WIFI_STATE
ADDED from src/main/AndroidManifest.xml:19:5-76
	android:name
		ADDED from src/main/AndroidManifest.xml:19:22-73
uses-permission#android.permission.READ_PHONE_STATE
ADDED from src/main/AndroidManifest.xml:20:5-75
	android:name
		ADDED from src/main/AndroidManifest.xml:20:22-72
uses-permission#android.permission.WRITE_EXTERNAL_STORAGE
ADDED from src/main/AndroidManifest.xml:21:5-81
	android:name
		ADDED from src/main/AndroidManifest.xml:21:22-78
uses-permission#android.permission.INTERNET
ADDED from src/main/AndroidManifest.xml:22:5-67
	android:name
		ADDED from src/main/AndroidManifest.xml:22:22-64
uses-permission#android.permission.MOUNT_UNMOUNT_FILESYSTEMS
ADDED from src/main/AndroidManifest.xml:23:5-84
	android:name
		ADDED from src/main/AndroidManifest.xml:23:22-81